Compiled on Apr 23 2020 at 02:42:48
Launched in Engine\
Answered : MESSAGE Detected following devices : CPU : GenuineIntel : 4 x AVX with 4043MB of memory
Answered : MESSAGE Using : CPU : GenuineIntel : 4 x AVX with 4043MB of memory
Got : INFO max_memory 0
Got : INFO timeout_match 1000
Got : INFO timeout_turn 1000
Got : INFO game_type 0
Got : INFO rule 1
Got : INFO time_left 1000
Got : START 15
Answered : OK
Got : BOARD
Got : 14,7,2
Got : 14,8,1
Got : 11,12,2
Got : DONE
Overall 222 children
sum of visits = 0
BEST
CIRCLE (9, 10) Q=0% : H=0.65 : Visit=0 : 0
CIRCLE (9, 11) Q=0% : H=0.118 : Visit=0 : 0
CIRCLE (10, 10) Q=0% : H=0.074 : Visit=0 : 0
CIRCLE (10, 9) Q=0% : H=0.072 : Visit=0 : 0
CIRCLE (8, 10) Q=0% : H=0.05 : Visit=0 : 0
CIRCLE (9, 9) Q=0% : H=0.01 : Visit=0 : 0
CIRCLE (9, 8) Q=0% : H=0.007 : Visit=0 : 0
CIRCLE (8, 11) Q=0% : H=0.005 : Visit=0 : 0
CIRCLE (7, 10) Q=0% : H=0.002 : Visit=0 : 0
CIRCLE (6, 10) Q=0% : H=0.001 : Visit=0 : 0
WORST
CIRCLE (7, 1) Q=0% : H=0 : Visit=0 : 0
CIRCLE (3, 6) Q=0% : H=0 : Visit=0 : 0
CIRCLE (6, 1) Q=0% : H=0 : Visit=0 : 0
CIRCLE (9, 1) Q=0% : H=0 : Visit=0 : 0
CIRCLE (5, 1) Q=0% : H=0 : Visit=0 : 0
CIRCLE (1, 6) Q=0% : H=0 : Visit=0 : 0
CIRCLE (1, 8) Q=0% : H=0 : Visit=0 : 0
CIRCLE (13, 9) Q=0% : H=0 : Visit=0 : 0
CIRCLE (1, 7) Q=0% : H=0 : Visit=0 : 0
CIRCLE (13, 10) Q=0% : H=0 : Visit=0 : 0
  _   _   _   _   _   _   _   _   _   _   _   _   _   _   _ 
  _   _   _   _   _   _   _   _   _   _   _   _   _   _   _ 
  _   _   _   _   _   _   _   _   _   _   _   _   _   _   _ 
  _   _   _   _   _   _   _   _   _   _   _   _   _   _   _ 
  _   _   _   _   _   _   _   _   _   _   _   _   _   _   _ 
  _   _   _   _   _   _   _   _   _   _   _   _   _   _   _ 
  _   _   _   _   _   _   _   _   _   _    1  _   _   _   _ 
  _   _   _   _   _   _   _   _   _   _    2  _   _   _   X 
  _   _   _   _   _   _   _   _   _   _   50   5  _   _   O 
  _   _   _   _   _   _   _   _    7  10 650 118  _   _   _ 
  _   _   _   _   _   _   _   _   _   72  74   1  _   _   _ 
  _   _   _   _   _   _   _   _   _   _   _   _   _   _   _ 
  _   _   _   _   _   _   _   _   _   _   _   X   _   _   _ 
  _   _   _   _   _   _   _   _   _   _   _   _   _   _   _ 
  _   _   _   _   _   _   _   _   _   _   _   _   _   _   _ 

nodes used 0k / 58M (0%)
memory = 1785.02 MB
0 : CROSS  (-1, -1) Q=64.9% : H=1 : Visit=1 : 222
1 : CIRCLE (9, 10) Q=0% : H=0.65 : Visit=0 : 0
Total 1 move ahead
----NNCACHE-INFO----
memory = 0.0180206 MB / 1190.01MB
stored = 16 elements
calls  = 16
hits   = 0 (0%)
--------------------
Answered : MESSAGE depth 1-1 ev 35.0 n 16 n/s 256 tm 62 pv Oj10
Answered : 10,9
Got : RESTART
Answered : OK
Got : BOARD
Got : 14,7,1
Got : 14,8,2
Got : 11,12,1
Got : 9,9,2
Got : DONE
Overall 221 children
sum of visits = 0
BEST
CIRCLE (10, 11) Q=0% : H=0.403 : Visit=0 : 0
CIRCLE (10, 10) Q=0% : H=0.241 : Visit=0 : 0
CIRCLE (11, 9) Q=0% : H=0.078 : Visit=0 : 0
CIRCLE (9, 10) Q=0% : H=0.065 : Visit=0 : 0
CIRCLE (12, 10) Q=0% : H=0.064 : Visit=0 : 0
CIRCLE (10, 8) Q=0% : H=0.047 : Visit=0 : 0
CIRCLE (11, 10) Q=0% : H=0.031 : Visit=0 : 0
CIRCLE (10, 9) Q=0% : H=0.018 : Visit=0 : 0
CIRCLE (9, 11) Q=0% : H=0.012 : Visit=0 : 0
CIRCLE (12, 9) Q=0% : H=0.009 : Visit=0 : 0
WORST
CIRCLE (1, 5) Q=0% : H=0 : Visit=0 : 0
CIRCLE (5, 4) Q=0% : H=0 : Visit=0 : 0
CIRCLE (4, 5) Q=0% : H=0 : Visit=0 : 0
CIRCLE (9, 4) Q=0% : H=0 : Visit=0 : 0
CIRCLE (1, 9) Q=0% : H=0 : Visit=0 : 0
CIRCLE (1, 6) Q=0% : H=0 : Visit=0 : 0
CIRCLE (1, 7) Q=0% : H=0 : Visit=0 : 0
CIRCLE (1, 8) Q=0% : H=0 : Visit=0 : 0
CIRCLE (14, 11) Q=0% : H=0 : Visit=0 : 0
CIRCLE (14, 10) Q=0% : H=0 : Visit=0 : 0
  _   _   _   _   _   _   _   _   _   _   _   _   _   _   _ 
  _   _   _   _   _   _   _   _   _   _   _   _   _   _   _ 
  _   _   _   _   _   _   _   _   _   _   _   _   _   _   _ 
  _   _   _   _   _   _   _   _   _   _   _   _   _   _   _ 
  _   _   _   _   _   _   _   _   _   _   _   _   _   _   _ 
  _   _   _   _   _   _   _   _   _   _   _   _   _   _   _ 
  _   _   _   _   _   _   _   _   _   _   _   _   _   _   _ 
  _   _   _   _   _   _   _   _   _   _   _   _   _   _   O 
  _   _   _   _   _   _   _   _   _    1   8  _   _   _   X 
  _   _   _   _   _   _   _   _   _   X   65  12  _   _   _ 
  _   _   _   _   _   _   _   _   47  18 241 403  _   _   _ 
  _   _   _   _   _   _   _   _   _   78  31   6   8  _   _ 
  _   _   _   _   _   _   _   _   _    9  64  O   _   _   _ 
  _   _   _   _   _   _   _   _   _   _   _   _   _   _   _ 
  _   _   _   _   _   _   _   _   _   _   _   _   _   _   _ 

nodes used 0k / 58M (0%)
memory = 1785.02 MB
0 : CROSS  (-1, -1) Q=47.5% : H=1 : Visit=1 : 221
1 : CIRCLE (10, 11) Q=0% : H=0.403 : Visit=0 : 0
Total 1 move ahead
----NNCACHE-INFO----
memory = 0.0720825 MB / 1190.01MB
stored = 16 elements
calls  = 80
hits   = 0 (0%)
--------------------
Answered : MESSAGE depth 1-1 ev 52.4 n 16 n/s 1025 tm 15 pv Ok11
Answered : 11,10
Got : RESTART
Answered : OK
Got : BOARD
Got : 14,7,2
Got : 14,8,1
Got : 11,12,2
Got : 9,9,1
Got : 9,11,2
Got : DONE
Overall 220 children
sum of visits = 0
BEST
CIRCLE (10, 8) Q=0% : H=0.472 : Visit=0 : 0
CIRCLE (11, 10) Q=0% : H=0.179 : Visit=0 : 0
CIRCLE (9, 8) Q=0% : H=0.101 : Visit=0 : 0
CIRCLE (10, 10) Q=0% : H=0.054 : Visit=0 : 0
CIRCLE (9, 10) Q=0% : H=0.044 : Visit=0 : 0
CIRCLE (8, 10) Q=0% : H=0.04 : Visit=0 : 0
CIRCLE (9, 11) Q=0% : H=0.029 : Visit=0 : 0
CIRCLE (10, 11) Q=0% : H=0.026 : Visit=0 : 0
CIRCLE (10, 9) Q=0% : H=0.021 : Visit=0 : 0
CIRCLE (11, 8) Q=0% : H=0.01 : Visit=0 : 0
WORST
CIRCLE (14, 10) Q=0% : H=0 : Visit=0 : 0
CIRCLE (6, 13) Q=0% : H=0 : Visit=0 : 0
CIRCLE (13, 10) Q=0% : H=0 : Visit=0 : 0
CIRCLE (10, 13) Q=0% : H=0 : Visit=0 : 0
CIRCLE (6, 7) Q=0% : H=0 : Visit=0 : 0
CIRCLE (9, 5) Q=0% : H=0 : Visit=0 : 0
CIRCLE (14, 11) Q=0% : H=0 : Visit=0 : 0
CIRCLE (13, 9) Q=0% : H=0 : Visit=0 : 0
CIRCLE (9, 13) Q=0% : H=0 : Visit=0 : 0
CIRCLE (5, 9) Q=0% : H=0 : Visit=0 : 0
  _   _   _   _   _   _   _   _   _   _   _   _   _   _   _ 
  _   _   _   _   _   _   _   _   _   _   _   _   _   _   _ 
  _   _   _   _   _   _   _   _   _   _   _   _   _   _   _ 
  _   _   _   _   _   _   _   _   _   _   _   _   _   _   _ 
  _   _   _   _   _   _   _   _   _   _   _   _   _   _   _ 
  _   _   _   _   _   _   _   _   _   _   _   _   _   _   _ 
  _   _   _   _   _   _   _   _   _   _   _   _   _   _   _ 
  _   _   _   _   _   _   _   _   _    1  _   _   _   _   X 
  _   _   _   _   _   _   _   _   _    9  40   1  _   _   O 
  _   _   _   _   _   _   _    2 101  O   44  29  _   _   _ 
  _   _   _   _   _   _   _    2 472  21  54  26  _   _   _ 
  _   _   _   _   _   _   _   _   10  X  179  _   _   _   _ 
  _   _   _   _   _   _   _   _   _   _   _   X   _   _   _ 
  _   _   _   _   _   _   _   _   _   _   _   _   _   _   _ 
  _   _   _   _   _   _   _   _   _   _   _   _   _   _   _ 

nodes used 0k / 58M (0%)
memory = 1785.02 MB
0 : CROSS  (-1, -1) Q=65% : H=1 : Visit=1 : 220
1 : CIRCLE (10, 8) Q=0% : H=0.472 : Visit=0 : 0
Total 1 move ahead
----NNCACHE-INFO----
memory = 0.0720825 MB / 1190.01MB
stored = 16 elements
calls  = 144
hits   = 0 (0%)
--------------------
Answered : MESSAGE depth 1-1 ev 34.9 n 16 n/s 1025 tm 15 pv Ok8
Answered : 8,10
Got : RESTART
Answered : OK
Got : BOARD
Got : 14,7,1
Got : 14,8,2
Got : 11,12,1
Got : 9,9,2
Got : 9,11,1
Got : 11,11,2
Got : DONE
Overall 219 children
sum of visits = 0
BEST
CIRCLE (10, 10) Q=0% : H=0.565 : Visit=0 : 0
CIRCLE (8, 8) Q=0% : H=0.172 : Visit=0 : 0
CIRCLE (9, 8) Q=0% : H=0.095 : Visit=0 : 0
CIRCLE (10, 8) Q=0% : H=0.067 : Visit=0 : 0
CIRCLE (9, 10) Q=0% : H=0.037 : Visit=0 : 0
CIRCLE (12, 10) Q=0% : H=0.029 : Visit=0 : 0
CIRCLE (11, 8) Q=0% : H=0.01 : Visit=0 : 0
CIRCLE (10, 9) Q=0% : H=0.008 : Visit=0 : 0
CIRCLE (8, 10) Q=0% : H=0.007 : Visit=0 : 0
CIRCLE (12, 9) Q=0% : H=0.001 : Visit=0 : 0
WORST
CIRCLE (8, 12) Q=0% : H=0 : Visit=0 : 0
CIRCLE (6, 7) Q=0% : H=0 : Visit=0 : 0
CIRCLE (6, 8) Q=0% : H=0 : Visit=0 : 0
CIRCLE (6, 9) Q=0% : H=0 : Visit=0 : 0
CIRCLE (13, 8) Q=0% : H=0 : Visit=0 : 0
CIRCLE (6, 10) Q=0% : H=0 : Visit=0 : 0
CIRCLE (11, 13) Q=0% : H=0 : Visit=0 : 0
CIRCLE (14, 9) Q=0% : H=0 : Visit=0 : 0
CIRCLE (14, 11) Q=0% : H=0 : Visit=0 : 0
CIRCLE (14, 10) Q=0% : H=0 : Visit=0 : 0
  _   _   _   _   _   _   _   _   _   _   _   _   _   _   _ 
  _   _   _   _   _   _   _   _   _   _   _   _   _   _   _ 
  _   _   _   _   _   _   _   _   _   _   _   _   _   _   _ 
  _   _   _   _   _   _   _   _   _   _   _   _   _   _   _ 
  _   _   _   _   _   _   _   _   _   _   _   _   _   _   _ 
  _   _   _   _   _   _   _   _   _   _   _   _   _   _   _ 
  _   _   _   _   _   _   _   _   _   _   _   _   _   _   _ 
  _   _   _   _   _   _   _   _   _   _   _   _   _   _   O 
  _   _   _   _   _   _   _   _  172  _    7  _   _   _   X 
  _   _   _   _   _   _   _   _   95  X   37  _   _   _   _ 
  _   _   _   _   _   _   _   _   67   8 565  _   _   _   _ 
  _   _   _   _   _   _   _   _   10  O   _   X   _   _   _ 
  _   _   _   _   _   _   _   _   _    1  29  O   _   _   _ 
  _   _   _   _   _   _   _   _   _   _   _   _   _   _   _ 
  _   _   _   _   _   _   _   _   _   _   _   _   _   _   _ 

nodes used 0k / 58M (0%)
memory = 1785.02 MB
0 : CROSS  (-1, -1) Q=28.5% : H=1 : Visit=1 : 219
1 : CIRCLE (10, 10) Q=0% : H=0.565 : Visit=0 : 0
Total 1 move ahead
----NNCACHE-INFO----
memory = 0.0720825 MB / 1190.01MB
stored = 16 elements
calls  = 208
hits   = 0 (0%)
--------------------
Answered : MESSAGE depth 1-1 ev 71.4 n 16 n/s 1025 tm 15 pv Ok10
Answered : 10,10
Got : RESTART
Answered : OK
Got : BOARD
Got : 14,7,2
Got : 14,8,1
Got : 11,12,2
Got : 9,9,1
Got : 9,11,2
Got : 11,11,1
Got : 8,9,2
Got : DONE
Overall 218 children
sum of visits = 0
BEST
CIRCLE (10, 10) Q=0% : H=0.407 : Visit=0 : 0
CIRCLE (10, 8) Q=0% : H=0.234 : Visit=0 : 0
CIRCLE (10, 9) Q=0% : H=0.114 : Visit=0 : 0
CIRCLE (8, 10) Q=0% : H=0.083 : Visit=0 : 0
CIRCLE (8, 7) Q=0% : H=0.048 : Visit=0 : 0
CIRCLE (10, 12) Q=0% : H=0.041 : Visit=0 : 0
CIRCLE (12, 10) Q=0% : H=0.034 : Visit=0 : 0
CIRCLE (11, 10) Q=0% : H=0.01 : Visit=0 : 0
CIRCLE (10, 7) Q=0% : H=0.008 : Visit=0 : 0
CIRCLE (8, 8) Q=0% : H=0.006 : Visit=0 : 0
WORST
CIRCLE (12, 9) Q=0% : H=0 : Visit=0 : 0
CIRCLE (6, 8) Q=0% : H=0 : Visit=0 : 0
CIRCLE (8, 5) Q=0% : H=0 : Visit=0 : 0
CIRCLE (13, 10) Q=0% : H=0 : Visit=0 : 0
CIRCLE (7, 6) Q=0% : H=0 : Visit=0 : 0
CIRCLE (9, 14) Q=0% : H=0 : Visit=0 : 0
CIRCLE (10, 14) Q=0% : H=0 : Visit=0 : 0
CIRCLE (6, 11) Q=0% : H=0 : Visit=0 : 0
CIRCLE (11, 13) Q=0% : H=0 : Visit=0 : 0
CIRCLE (6, 7) Q=0% : H=0 : Visit=0 : 0
  _   _   _   _   _   _   _   _   _   _   _   _   _   _   _ 
  _   _   _   _   _   _   _   _   _   _   _   _   _   _   _ 
  _   _   _   _   _   _   _   _   _   _   _   _   _   _   _ 
  _   _   _   _   _   _   _   _   _   _   _   _   _   _   _ 
  _   _   _   _   _   _   _   _   _   _   _   _   _   _   _ 
  _   _   _   _   _   _   _   _   _   _   _   _   _   _   _ 
  _   _   _   _   _   _   _   _   _   _   _   _   _   _   _ 
  _   _   _   _   _   _   _   _   _   _   _   _   _   _   X 
  _   _   _   _   _   _   _   48   6   1  83   5  _   _   O 
  _   _   _   _   _   _   _   _   X   O   _   _   _   _   _ 
  _   _   _   _   _   _   _    8 234 114 407  _   41  _   _ 
  _   _   _   _   _   _   _   _   _   X   10  O   _   _   _ 
  _   _   _   _   _   _   _   _   _   _   34  X   _   _   _ 
  _   _   _   _   _   _   _   _   _   _   _   _   _   _   _ 
  _   _   _   _   _   _   _   _   _   _   _   _   _   _   _ 

nodes used 0k / 58M (0%)
memory = 1785.02 MB
0 : CROSS  (-1, -1) Q=81.5% : H=1 : Visit=1 : 218
1 : CIRCLE (10, 10) Q=0% : H=0.407 : Visit=0 : 0
Total 1 move ahead
----NNCACHE-INFO----
memory = 0.0720825 MB / 1190.01MB
stored = 16 elements
calls  = 256
hits   = 0 (0%)
--------------------
Answered : MESSAGE depth 1-1 ev 18.4 n 16 n/s 1025 tm 15 pv Ok10
Answered : 10,10
Got : RESTART
Answered : OK
Got : BOARD
Got : 14,7,1
Got : 14,8,2
Got : 11,12,1
Got : 9,9,2
Got : 9,11,1
Got : 11,11,2
Got : 8,9,1
Got : 8,10,2
Got : DONE
Overall 217 children
sum of visits = 0
BEST
CIRCLE (10, 10) Q=0% : H=0.514 : Visit=0 : 0
CIRCLE (8, 10) Q=0% : H=0.388 : Visit=0 : 0
CIRCLE (11, 7) Q=0% : H=0.082 : Visit=0 : 0
CIRCLE (8, 8) Q=0% : H=0.005 : Visit=0 : 0
CIRCLE (10, 9) Q=0% : H=0.005 : Visit=0 : 0
CIRCLE (10, 7) Q=0% : H=0.004 : Visit=0 : 0
CIRCLE (9, 10) Q=0% : H=0 : Visit=0 : 0
CIRCLE (12, 9) Q=0% : H=0 : Visit=0 : 0
CIRCLE (8, 9) Q=0% : H=0 : Visit=0 : 0
CIRCLE (11, 10) Q=0% : H=0 : Visit=0 : 0
WORST
CIRCLE (8, 12) Q=0% : H=0 : Visit=0 : 0
CIRCLE (11, 5) Q=0% : H=0 : Visit=0 : 0
CIRCLE (11, 14) Q=0% : H=0 : Visit=0 : 0
CIRCLE (6, 7) Q=0% : H=0 : Visit=0 : 0
CIRCLE (12, 6) Q=0% : H=0 : Visit=0 : 0
CIRCLE (10, 5) Q=0% : H=0 : Visit=0 : 0
CIRCLE (14, 10) Q=0% : H=0 : Visit=0 : 0
CIRCLE (13, 8) Q=0% : H=0 : Visit=0 : 0
CIRCLE (11, 13) Q=0% : H=0 : Visit=0 : 0
CIRCLE (13, 7) Q=0% : H=0 : Visit=0 : 0
  _   _   _   _   _   _   _   _   _   _   _   _   _   _   _ 
  _   _   _   _   _   _   _   _   _   _   _   _   _   _   _ 
  _   _   _   _   _   _   _   _   _   _   _   _   _   _   _ 
  _   _   _   _   _   _   _   _   _   _   _   _   _   _   _ 
  _   _   _   _   _   _   _   _   _   _   _   _   _   _   _ 
  _   _   _   _   _   _   _   _   _   _   _   _   _   _   _ 
  _   _   _   _   _   _   _   _   _   _   _   _   _   _   _ 
  _   _   _   _   _   _   _   _   _   _   _   _   _   _   O 
  _   _   _   _   _   _   _   _    5  _  388  _   _   _   X 
  _   _   _   _   _   _   _   _   O   X   _   _   _   _   _ 
  _   _   _   _   _   _   _    4  X    5 514  _   _   _   _ 
  _   _   _   _   _   _   _   82  _   O   _   X   _   _   _ 
  _   _   _   _   _   _   _   _   _   _   _   O   _   _   _ 
  _   _   _   _   _   _   _   _   _   _   _   _   _   _   _ 
  _   _   _   _   _   _   _   _   _   _   _   _   _   _   _ 

nodes used 0k / 58M (0%)
memory = 1785.02 MB
0 : CROSS  (-1, -1) Q=27.8% : H=1 : Visit=1 : 217
1 : CIRCLE (10, 10) Q=0% : H=0.514 : Visit=0 : 0
Total 1 move ahead
----NNCACHE-INFO----
memory = 0.0720825 MB / 1190.01MB
stored = 16 elements
calls  = 309
hits   = 0 (0%)
--------------------
Answered : MESSAGE depth 1-1 ev 72.1 n 16 n/s 1025 tm 15 pv Ok10
Answered : 10,10
Got : RESTART
Answered : OK
Got : BOARD
Got : 14,7,2
Got : 14,8,1
Got : 11,12,2
Got : 9,9,1
Got : 9,11,2
Got : 11,11,1
Got : 8,9,2
Got : 8,10,1
Got : 10,10,2
Got : DONE
Overall 216 children
sum of visits = 0
BEST
CIRCLE (8, 10) Q=0% : H=0.481 : Visit=0 : 0
CIRCLE (11, 10) Q=0% : H=0.2 : Visit=0 : 0
CIRCLE (9, 11) Q=0% : H=0.14 : Visit=0 : 0
CIRCLE (10, 9) Q=0% : H=0.074 : Visit=0 : 0
CIRCLE (12, 8) Q=0% : H=0.051 : Visit=0 : 0
CIRCLE (11, 7) Q=0% : H=0.035 : Visit=0 : 0
CIRCLE (9, 10) Q=0% : H=0.01 : Visit=0 : 0
CIRCLE (12, 10) Q=0% : H=0.002 : Visit=0 : 0
CIRCLE (8, 11) Q=0% : H=0.001 : Visit=0 : 0
CIRCLE (8, 9) Q=0% : H=0 : Visit=0 : 0
WORST
CIRCLE (6, 11) Q=0% : H=0 : Visit=0 : 0
CIRCLE (14, 7) Q=0% : H=0 : Visit=0 : 0
CIRCLE (14, 10) Q=0% : H=0 : Visit=0 : 0
CIRCLE (7, 8) Q=0% : H=0 : Visit=0 : 0
CIRCLE (11, 5) Q=0% : H=0 : Visit=0 : 0
CIRCLE (7, 12) Q=0% : H=0 : Visit=0 : 0
CIRCLE (10, 13) Q=0% : H=0 : Visit=0 : 0
CIRCLE (12, 5) Q=0% : H=0 : Visit=0 : 0
CIRCLE (14, 8) Q=0% : H=0 : Visit=0 : 0
CIRCLE (14, 9) Q=0% : H=0 : Visit=0 : 0
  _   _   _   _   _   _   _   _   _   _   _   _   _   _   _ 
  _   _   _   _   _   _   _   _   _   _   _   _   _   _   _ 
  _   _   _   _   _   _   _   _   _   _   _   _   _   _   _ 
  _   _   _   _   _   _   _   _   _   _   _   _   _   _   _ 
  _   _   _   _   _   _   _   _   _   _   _   _   _   _   _ 
  _   _   _   _   _   _   _   _   _   _   _   _   _   _   _ 
  _   _   _   _   _   _   _   _   _   _   _   _   _   _   _ 
  _   _   _   _   _   _   _   _   _   _   _   _   _   _   X 
  _   _   _   _   _   _   _   _   _   _  481   1  _   _   O 
  _   _   _   _   _   _   _   _   X   O   10 140  _   _   _ 
  _   _   _   _   _   _   _   _   O   74  X   _   _   _   _ 
  _   _   _   _   _   _   _   35  _   X  200  O   _   _   _ 
  _   _   _   _   _   _   _   _   51  _    2  X   _   _   _ 
  _   _   _   _   _   _   _   _   _   _   _   _   _   _   _ 
  _   _   _   _   _   _   _   _   _   _   _   _   _   _   _ 

nodes used 0k / 58M (0%)
memory = 1785.02 MB
0 : CROSS  (-1, -1) Q=92.7% : H=1 : Visit=1 : 216
1 : CIRCLE (8, 10) Q=0% : H=0.481 : Visit=0 : 0
Total 1 move ahead
----NNCACHE-INFO----
memory = 0.0720825 MB / 1190.01MB
stored = 16 elements
calls  = 374
hits   = 0 (0%)
--------------------
Answered : MESSAGE depth 1-1 ev 7.2 n 16 n/s 1025 tm 15 pv Oi10
Answered : 10,8
Got : RESTART
Answered : OK
Got : BOARD
Got : 14,7,1
Got : 14,8,2
Got : 11,12,1
Got : 9,9,2
Got : 9,11,1
Got : 11,11,2
Got : 8,9,1
Got : 8,10,2
Got : 10,10,1
Got : 7,11,2
Got : DONE
Overall 215 children
sum of visits = 0
BEST
CIRCLE (8, 10) Q=0% : H=0.605 : Visit=0 : 0
CIRCLE (12, 6) Q=0% : H=0.394 : Visit=0 : 0
CIRCLE (12, 8) Q=0% : H=0 : Visit=0 : 0
CIRCLE (11, 10) Q=0% : H=0 : Visit=0 : 0
CIRCLE (9, 11) Q=0% : H=0 : Visit=0 : 0
CIRCLE (12, 10) Q=0% : H=0 : Visit=0 : 0
CIRCLE (7, 11) Q=0% : H=0 : Visit=0 : 0
CIRCLE (10, 9) Q=0% : H=0 : Visit=0 : 0
CIRCLE (9, 10) Q=0% : H=0 : Visit=0 : 0
CIRCLE (10, 6) Q=0% : H=0 : Visit=0 : 0
WORST
CIRCLE (6, 10) Q=0% : H=0 : Visit=0 : 0
CIRCLE (7, 12) Q=0% : H=0 : Visit=0 : 0
CIRCLE (14, 11) Q=0% : H=0 : Visit=0 : 0
CIRCLE (14, 8) Q=0% : H=0 : Visit=0 : 0
CIRCLE (14, 10) Q=0% : H=0 : Visit=0 : 0
CIRCLE (14, 7) Q=0% : H=0 : Visit=0 : 0
CIRCLE (14, 9) Q=0% : H=0 : Visit=0 : 0
CIRCLE (6, 11) Q=0% : H=0 : Visit=0 : 0
CIRCLE (14, 6) Q=0% : H=0 : Visit=0 : 0
CIRCLE (14, 5) Q=0% : H=0 : Visit=0 : 0
  _   _   _   _   _   _   _   _   _   _   _   _   _   _   _ 
  _   _   _   _   _   _   _   _   _   _   _   _   _   _   _ 
  _   _   _   _   _   _   _   _   _   _   _   _   _   _   _ 
  _   _   _   _   _   _   _   _   _   _   _   _   _   _   _ 
  _   _   _   _   _   _   _   _   _   _   _   _   _   _   _ 
  _   _   _   _   _   _   _   _   _   _   _   _   _   _   _ 
  _   _   _   _   _   _   _   _   _   _   _   _   _   _   _ 
  _   _   _   _   _   _   _   _   _   _   _   _   _   _   O 
  _   _   _   _   _   _   _   _   _   _  605  _   _   _   X 
  _   _   _   _   _   _   _   _   O   X   _   _   _   _   _ 
  _   _   _   _   _   _   _   _   X   _   O   _   _   _   _ 
  _   _   _   _   _   _   _   X   _   O   _   X   _   _   _ 
  _   _   _   _   _   _  394  _   _   _   _   O   _   _   _ 
  _   _   _   _   _   _   _   _   _   _   _   _   _   _   _ 
  _   _   _   _   _   _   _   _   _   _   _   _   _   _   _ 

nodes used 0k / 58M (0%)
memory = 1785.02 MB
0 : CROSS  (-1, -1) Q=14.5% : H=1 : Visit=1 : 215
1 : CIRCLE (8, 10) Q=0% : H=0.605 : Visit=0 : 0
Total 1 move ahead
----NNCACHE-INFO----
memory = 0.0720825 MB / 1190.01MB
stored = 16 elements
calls  = 428
hits   = 0 (0%)
--------------------
Answered : MESSAGE depth 1-1 ev 85.4 n 16 n/s 1025 tm 15 pv Oi10
Answered : 10,8
Got : RESTART
Answered : OK
Got : BOARD
Got : 14,7,2
Got : 14,8,1
Got : 11,12,2
Got : 9,9,1
Got : 9,11,2
Got : 11,11,1
Got : 8,9,2
Got : 8,10,1
Got : 10,10,2
Got : 7,11,1
Got : 10,8,2
Got : DONE
Overall 214 children
sum of visits = 0
BEST
CIRCLE (9, 10) Q=0% : H=0.644 : Visit=0 : 0
CIRCLE (11, 10) Q=0% : H=0.161 : Visit=0 : 0
CIRCLE (12, 8) Q=0% : H=0.106 : Visit=0 : 0
CIRCLE (12, 6) Q=0% : H=0.033 : Visit=0 : 0
CIRCLE (10, 9) Q=0% : H=0.029 : Visit=0 : 0
CIRCLE (10, 7) Q=0% : H=0.009 : Visit=0 : 0
CIRCLE (10, 6) Q=0% : H=0.005 : Visit=0 : 0
CIRCLE (7, 10) Q=0% : H=0.002 : Visit=0 : 0
CIRCLE (13, 5) Q=0% : H=0.001 : Visit=0 : 0
CIRCLE (12, 10) Q=0% : H=0.001 : Visit=0 : 0
WORST
CIRCLE (7, 11) Q=0% : H=0 : Visit=0 : 0
CIRCLE (6, 10) Q=0% : H=0 : Visit=0 : 0
CIRCLE (9, 13) Q=0% : H=0 : Visit=0 : 0
CIRCLE (14, 5) Q=0% : H=0 : Visit=0 : 0
CIRCLE (9, 12) Q=0% : H=0 : Visit=0 : 0
CIRCLE (8, 6) Q=0% : H=0 : Visit=0 : 0
CIRCLE (14, 4) Q=0% : H=0 : Visit=0 : 0
CIRCLE (14, 7) Q=0% : H=0 : Visit=0 : 0
CIRCLE (14, 9) Q=0% : H=0 : Visit=0 : 0
CIRCLE (14, 8) Q=0% : H=0 : Visit=0 : 0
  _   _   _   _   _   _   _   _   _   _   _   _   _   _   _ 
  _   _   _   _   _   _   _   _   _   _   _   _   _   _   _ 
  _   _   _   _   _   _   _   _   _   _   _   _   _   _   _ 
  _   _   _   _   _   _   _   _   _   _   _   _   _   _   _ 
  _   _   _   _   _   _   _   _   _   _   _   _   _   _   _ 
  _   _   _   _   _   _   _   _   _   _   _   _   _   _   _ 
  _   _   _   _   _   _   _   _   _   _   _   _   _   _   _ 
  _   _   _   _   _   _   _   _   _   _    2  _   _   _   X 
  _   _   _   _   _   _   _   _   _   _   X   _   _   _   O 
  _   _   _   _   _   _   _   _   X   O  644  _   _   _   _ 
  _   _   _   _   _   _    5   9  O   29  X   _   _   _   _ 
  _   _   _   _   _   _   _   O   _   X  161  O   _   _   _ 
  _   _   _   _   _   _   33   1 106  _    1  X   _   _   _ 
  _   _   _   _   _    1  _   _   _   _   _   _   _   _   _ 
  _   _   _   _   _   _   _   _   _   _   _   _   _   _   _ 

nodes used 0k / 58M (0%)
memory = 1785.02 MB
0 : CROSS  (-1, -1) Q=97.5% : H=1 : Visit=1 : 214
1 : CIRCLE (9, 10) Q=0% : H=0.644 : Visit=0 : 0
Total 1 move ahead
----NNCACHE-INFO----
memory = 0.0720825 MB / 1190.01MB
stored = 16 elements
calls  = 512
hits   = 0 (0%)
--------------------
Answered : MESSAGE depth 1-1 ev 2.4 n 16 n/s 1025 tm 15 pv Oj10
Answered : 10,9
Got : RESTART
Answered : OK
Got : BOARD
Got : 14,7,1
Got : 14,8,2
Got : 11,12,1
Got : 9,9,2
Got : 9,11,1
Got : 11,11,2
Got : 8,9,1
Got : 8,10,2
Got : 10,10,1
Got : 7,11,2
Got : 10,8,1
Got : 10,11,2
Got : DONE
Overall 213 children
sum of visits = 0
BEST
CIRCLE (8, 9) Q=0% : H=0.201 : Visit=0 : 0
CIRCLE (9, 11) Q=0% : H=0.185 : Visit=0 : 0
CIRCLE (7, 10) Q=0% : H=0.177 : Visit=0 : 0
CIRCLE (10, 6) Q=0% : H=0.164 : Visit=0 : 0
CIRCLE (12, 6) Q=0% : H=0.068 : Visit=0 : 0
CIRCLE (12, 8) Q=0% : H=0.052 : Visit=0 : 0
CIRCLE (8, 12) Q=0% : H=0.047 : Visit=0 : 0
CIRCLE (10, 7) Q=0% : H=0.043 : Visit=0 : 0
CIRCLE (10, 12) Q=0% : H=0.018 : Visit=0 : 0
CIRCLE (7, 9) Q=0% : H=0.015 : Visit=0 : 0
WORST
CIRCLE (14, 5) Q=0% : H=0 : Visit=0 : 0
CIRCLE (14, 9) Q=0% : H=0 : Visit=0 : 0
CIRCLE (14, 10) Q=0% : H=0 : Visit=0 : 0
CIRCLE (10, 14) Q=0% : H=0 : Visit=0 : 0
CIRCLE (11, 14) Q=0% : H=0 : Visit=0 : 0
CIRCLE (14, 6) Q=0% : H=0 : Visit=0 : 0
CIRCLE (14, 8) Q=0% : H=0 : Visit=0 : 0
CIRCLE (9, 14) Q=0% : H=0 : Visit=0 : 0
CIRCLE (11, 13) Q=0% : H=0 : Visit=0 : 0
CIRCLE (14, 7) Q=0% : H=0 : Visit=0 : 0
  _   _   _   _   _   _   _   _   _   _   _   _   _   _   _ 
  _   _   _   _   _   _   _   _   _   _   _   _   _   _   _ 
  _   _   _   _   _   _   _   _   _   _   _   _   _   _   _ 
  _   _   _   _   _   _   _   _   _   _   _   _   _   _   _ 
  _   _   _   _   _   _   _   _   _   _   _   _   _   _   _ 
  _   _   _   _   _   _   _   _   _   _   _   _   _   _   _ 
  _   _   _   _   _   _   _   _   _   _    2  _   _   _   _ 
  _   _   _   _   _   _   _   _   _   15 177  _   _   _   O 
  _   _   _   _   _   _   _    7  _  201  O    3  47  _   X 
  _   _   _   _   _   _   _   _   O   X    1 185  _   _   _ 
  _   _   _   _   _    5 164  43  X   _   O   _   18   1  _ 
  _   _   _   _   _   _   _   X   _   O   X   X   _   _   _ 
  _   _   _   _   _   _   68  _   52  _   _   O   _   _   _ 
  _   _   _   _   _   _   _   _   _   _   _   _   _   _   _ 
  _   _   _   _   _   _   _   _   _   _   _   _   _   _   _ 

nodes used 0k / 58M (0%)
memory = 1785.02 MB
0 : CROSS  (-1, -1) Q=2.5% : H=1 : Visit=1 : 213
1 : CIRCLE (8, 9) Q=0% : H=0.201 : Visit=0 : 0
Total 1 move ahead
----NNCACHE-INFO----
memory = 0.0720825 MB / 1190.01MB
stored = 16 elements
calls  = 578
hits   = 0 (0%)
--------------------
Answered : MESSAGE depth 1-1 ev 97.4 n 16 n/s 1025 tm 15 pv Oi9
Answered : 9,8
Got : RESTART
Answered : OK
Got : BOARD
Got : 14,7,2
Got : 14,8,1
Got : 11,12,2
Got : 9,9,1
Got : 9,11,2
Got : 11,11,1
Got : 8,9,2
Got : 8,10,1
Got : 10,10,2
Got : 7,11,1
Got : 10,8,2
Got : 10,11,1
Got : 9,8,2
Got : DONE
Overall 212 children
sum of visits = 0
BEST
CIRCLE (7, 10) Q=0% : H=0.281 : Visit=0 : 0
CIRCLE (8, 11) Q=0% : H=0.266 : Visit=0 : 0
CIRCLE (10, 7) Q=0% : H=0.217 : Visit=0 : 0
CIRCLE (12, 6) Q=0% : H=0.096 : Visit=0 : 0
CIRCLE (12, 8) Q=0% : H=0.057 : Visit=0 : 0
CIRCLE (8, 12) Q=0% : H=0.026 : Visit=0 : 0
CIRCLE (10, 6) Q=0% : H=0.023 : Visit=0 : 0
CIRCLE (9, 11) Q=0% : H=0.02 : Visit=0 : 0
CIRCLE (13, 5) Q=0% : H=0.006 : Visit=0 : 0
CIRCLE (8, 8) Q=0% : H=0.002 : Visit=0 : 0
WORST
CIRCLE (14, 4) Q=0% : H=0 : Visit=0 : 0
CIRCLE (6, 11) Q=0% : H=0 : Visit=0 : 0
CIRCLE (14, 8) Q=0% : H=0 : Visit=0 : 0
CIRCLE (14, 10) Q=0% : H=0 : Visit=0 : 0
CIRCLE (5, 11) Q=0% : H=0 : Visit=0 : 0
CIRCLE (7, 7) Q=0% : H=0 : Visit=0 : 0
CIRCLE (14, 7) Q=0% : H=0 : Visit=0 : 0
CIRCLE (14, 9) Q=0% : H=0 : Visit=0 : 0
CIRCLE (12, 10) Q=0% : H=0 : Visit=0 : 0
CIRCLE (5, 10) Q=0% : H=0 : Visit=0 : 0
  _   _   _   _   _   _   _   _   _   _   _   _   _   _   _ 
  _   _   _   _   _   _   _   _   _   _   _   _   _   _   _ 
  _   _   _   _   _   _   _   _   _   _   _   _   _   _   _ 
  _   _   _   _   _   _   _   _   _   _   _   _   _   _   _ 
  _   _   _   _   _   _   _   _   _   _   _   _   _   _   _ 
  _   _   _   _   _   _   _   _   _   _   _   _   _   _   _ 
  _   _   _   _   _   _   _   _   _   _   _   _   _   _   _ 
  _   _   _   _   _   _   _   _   _   _  281  _   _   _   X 
  _   _   _   _   _   _   _   _    2  X   X  266  26  _   O 
  _   _   _   _   _   _   _   _   X   O   _   20  _   _   _ 
  _   _   _   _   _   _   23 217  O   _   X   _   _   _   _ 
  _   _   _   _   _   _   _   O   _   X   O   O   _   _   _ 
  _   _   _   _   _   _   96  _   57  _   _   X   _   _   _ 
  _   _   _   _   _    6  _   _   _   _   _   _   _   _   _ 
  _   _   _   _   _   _   _   _   _   _   _   _   _   _   _ 

nodes used 0k / 58M (0%)
memory = 1785.02 MB
0 : CROSS  (-1, -1) Q=98.9% : H=1 : Visit=1 : 212
1 : CIRCLE (7, 10) Q=0% : H=0.281 : Visit=0 : 0
Total 1 move ahead
----NNCACHE-INFO----
memory = 0.0720825 MB / 1190.01MB
stored = 16 elements
calls  = 642
hits   = 0 (0%)
--------------------
Answered : MESSAGE depth 1-1 ev 1.0 n 16 n/s 1025 tm 15 pv Oh10
Answered : 10,7
Got : RESTART
Answered : OK
Got : BOARD
Got : 14,7,1
Got : 14,8,2
Got : 11,12,1
Got : 9,9,2
Got : 9,11,1
Got : 11,11,2
Got : 8,9,1
Got : 8,10,2
Got : 10,10,1
Got : 7,11,2
Got : 10,8,1
Got : 10,11,2
Got : 9,8,1
Got : 11,9,2
Got : DONE
Overall 211 children
sum of visits = 0
BEST
CIRCLE (7, 10) Q=0% : H=0.702 : Visit=0 : 0
CIRCLE (8, 11) Q=0% : H=0.154 : Visit=0 : 0
CIRCLE (8, 7) Q=0% : H=0.081 : Visit=0 : 0
CIRCLE (10, 7) Q=0% : H=0.031 : Visit=0 : 0
CIRCLE (8, 8) Q=0% : H=0.01 : Visit=0 : 0
CIRCLE (7, 8) Q=0% : H=0.008 : Visit=0 : 0
CIRCLE (9, 10) Q=0% : H=0.007 : Visit=0 : 0
CIRCLE (6, 10) Q=0% : H=0.001 : Visit=0 : 0
CIRCLE (10, 6) Q=0% : H=0.001 : Visit=0 : 0
CIRCLE (12, 6) Q=0% : H=0 : Visit=0 : 0
WORST
CIRCLE (12, 13) Q=0% : H=0 : Visit=0 : 0
CIRCLE (12, 10) Q=0% : H=0 : Visit=0 : 0
CIRCLE (14, 8) Q=0% : H=0 : Visit=0 : 0
CIRCLE (13, 8) Q=0% : H=0 : Visit=0 : 0
CIRCLE (14, 5) Q=0% : H=0 : Visit=0 : 0
CIRCLE (10, 14) Q=0% : H=0 : Visit=0 : 0
CIRCLE (14, 6) Q=0% : H=0 : Visit=0 : 0
CIRCLE (13, 6) Q=0% : H=0 : Visit=0 : 0
CIRCLE (9, 14) Q=0% : H=0 : Visit=0 : 0
CIRCLE (14, 7) Q=0% : H=0 : Visit=0 : 0
  _   _   _   _   _   _   _   _   _   _   _   _   _   _   _ 
  _   _   _   _   _   _   _   _   _   _   _   _   _   _   _ 
  _   _   _   _   _   _   _   _   _   _   _   _   _   _   _ 
  _   _   _   _   _   _   _   _   _   _   _   _   _   _   _ 
  _   _   _   _   _   _   _   _   _   _   _   _   _   _   _ 
  _   _   _   _   _   _   _   _   _   _   _   _   _   _   _ 
  _   _   _   _   _   _   _   _   _   _    1  _   _   _   _ 
  _   _   _   _   _   _   _   _    8  _  702  _   _   _   O 
  _   _   _   _   _   _   _   81  10  O   O  154  _   _   X 
  _   _   _   _   _   _   _   _   O   X    7  X   _   _   _ 
  _   _   _   _   _   _    1  31  X   _   O   _   _   _   _ 
  _   _   _   _   _   _   _   X   _   O   X   X   _   _   _ 
  _   _   _   _   _   _   _   _   _   _   _   O   _   _   _ 
  _   _   _   _   _   _   _   _   _   _   _   _   _   _   _ 
  _   _   _   _   _   _   _   _   _   _   _   _   _   _   _ 

nodes used 0k / 58M (0%)
memory = 1785.02 MB
0 : CROSS  (-1, -1) Q=1.8% : H=1 : Visit=1 : 211
1 : CIRCLE (7, 10) Q=0% : H=0.702 : Visit=0 : 0
Total 1 move ahead
----NNCACHE-INFO----
memory = 0.0720825 MB / 1190.01MB
stored = 16 elements
calls  = 715
hits   = 0 (0%)
--------------------
Answered : MESSAGE depth 1-1 ev 98.1 n 16 n/s 1025 tm 15 pv Oh10
Answered : 10,7
Got : RESTART
Answered : OK
Got : BOARD
Got : 14,7,2
Got : 14,8,1
Got : 11,12,2
Got : 9,9,1
Got : 9,11,2
Got : 11,11,1
Got : 8,9,2
Got : 8,10,1
Got : 10,10,2
Got : 7,11,1
Got : 10,8,2
Got : 10,11,1
Got : 9,8,2
Got : 11,9,1
Got : 10,7,2
Got : DONE
Overall 210 children
sum of visits = 0
BEST
CIRCLE (6, 11) Q=0% : H=0.521 : Visit=0 : 0
CIRCLE (10, 7) Q=0% : H=0.39 : Visit=0 : 0
CIRCLE (12, 6) Q=0% : H=0.075 : Visit=0 : 0
CIRCLE (13, 5) Q=0% : H=0.009 : Visit=0 : 0
CIRCLE (6, 10) Q=0% : H=0 : Visit=0 : 0
CIRCLE (9, 10) Q=0% : H=0 : Visit=0 : 0
CIRCLE (11, 6) Q=0% : H=0 : Visit=0 : 0
CIRCLE (8, 11) Q=0% : H=0 : Visit=0 : 0
CIRCLE (10, 6) Q=0% : H=0 : Visit=0 : 0
CIRCLE (7, 11) Q=0% : H=0 : Visit=0 : 0
WORST
CIRCLE (7, 8) Q=0% : H=0 : Visit=0 : 0
CIRCLE (10, 5) Q=0% : H=0 : Visit=0 : 0
CIRCLE (4, 11) Q=0% : H=0 : Visit=0 : 0
CIRCLE (14, 5) Q=0% : H=0 : Visit=0 : 0
CIRCLE (4, 12) Q=0% : H=0 : Visit=0 : 0
CIRCLE (12, 4) Q=0% : H=0 : Visit=0 : 0
CIRCLE (9, 14) Q=0% : H=0 : Visit=0 : 0
CIRCLE (10, 13) Q=0% : H=0 : Visit=0 : 0
CIRCLE (10, 14) Q=0% : H=0 : Visit=0 : 0
CIRCLE (14, 4) Q=0% : H=0 : Visit=0 : 0
  _   _   _   _   _   _   _   _   _   _   _   _   _   _   _ 
  _   _   _   _   _   _   _   _   _   _   _   _   _   _   _ 
  _   _   _   _   _   _   _   _   _   _   _   _   _   _   _ 
  _   _   _   _   _   _   _   _   _   _   _   _   _   _   _ 
  _   _   _   _   _   _   _   _   _   _   _   _   _   _   _ 
  _   _   _   _   _   _   _   _   _   _   _   _   _   _   _ 
  _   _   _   _   _   _   _   _   _   _   _  521  _   _   _ 
  _   _   _   _   _   _   _   _   _   _   X   _   _   _   X 
  _   _   _   _   _   _   _   _   _   X   X   _   _   _   O 
  _   _   _   _   _   _   _   _   X   O   _   O   _   _   _ 
  _   _   _   _   _   _   _  390  O   _   X   _   _   _   _ 
  _   _   _   _   _   _   _   O   _   X   O   O   _   _   _ 
  _   _   _   _   _   _   75  _   _   _   _   X   _   _   _ 
  _   _   _   _   _    9  _   _   _   _   _   _   _   _   _ 
  _   _   _   _   _   _   _   _   _   _   _   _   _   _   _ 

nodes used 0k / 58M (0%)
memory = 1785.02 MB
0 : CROSS  (-1, -1) Q=99.3% : H=1 : Visit=1 : 210
1 : CIRCLE (6, 11) Q=0% : H=0.521 : Visit=0 : 0
Total 1 move ahead
----NNCACHE-INFO----
memory = 0.0720825 MB / 1190.01MB
stored = 16 elements
calls  = 786
hits   = 0 (0%)
--------------------
Answered : MESSAGE depth 1-1 ev 0.6 n 16 n/s 1025 tm 15 pv Og11
Answered : 11,6
Got : RESTART
Answered : OK
Got : BOARD
Got : 14,7,1
Got : 14,8,2
Got : 11,12,1
Got : 9,9,2
Got : 9,11,1
Got : 11,11,2
Got : 8,9,1
Got : 8,10,2
Got : 10,10,1
Got : 7,11,2
Got : 10,8,1
Got : 10,11,2
Got : 9,8,1
Got : 11,9,2
Got : 10,7,1
Got : 11,6,2
Got : DONE
Overall 209 children
sum of visits = 0
BEST
CIRCLE (8, 11) Q=0% : H=0.514 : Visit=0 : 0
CIRCLE (9, 10) Q=0% : H=0.316 : Visit=0 : 0
CIRCLE (7, 8) Q=0% : H=0.066 : Visit=0 : 0
CIRCLE (8, 7) Q=0% : H=0.03 : Visit=0 : 0
CIRCLE (8, 8) Q=0% : H=0.029 : Visit=0 : 0
CIRCLE (6, 10) Q=0% : H=0.026 : Visit=0 : 0
CIRCLE (7, 11) Q=0% : H=0.006 : Visit=0 : 0
CIRCLE (10, 7) Q=0% : H=0.004 : Visit=0 : 0
CIRCLE (7, 9) Q=0% : H=0.003 : Visit=0 : 0
CIRCLE (6, 9) Q=0% : H=0 : Visit=0 : 0
WORST
CIRCLE (4, 9) Q=0% : H=0 : Visit=0 : 0
CIRCLE (14, 6) Q=0% : H=0 : Visit=0 : 0
CIRCLE (7, 13) Q=0% : H=0 : Visit=0 : 0
CIRCLE (13, 7) Q=0% : H=0 : Visit=0 : 0
CIRCLE (11, 13) Q=0% : H=0 : Visit=0 : 0
CIRCLE (9, 14) Q=0% : H=0 : Visit=0 : 0
CIRCLE (13, 8) Q=0% : H=0 : Visit=0 : 0
CIRCLE (12, 5) Q=0% : H=0 : Visit=0 : 0
CIRCLE (13, 6) Q=0% : H=0 : Visit=0 : 0
CIRCLE (10, 14) Q=0% : H=0 : Visit=0 : 0
  _   _   _   _   _   _   _   _   _   _   _   _   _   _   _ 
  _   _   _   _   _   _   _   _   _   _   _   _   _   _   _ 
  _   _   _   _   _   _   _   _   _   _   _   _   _   _   _ 
  _   _   _   _   _   _   _   _   _   _   _   _   _   _   _ 
  _   _   _   _   _   _   _   _   _   _   _   _   _   _   _ 
  _   _   _   _   _   _   _   _   _   _   _   _   _   _   _ 
  _   _   _   _   _   _   _   _   _   _   26  X   _   _   _ 
  _   _   _   _   _   _   _   _   66   3  O    6  _   _   O 
  _   _   _   _   _   _   _   30  29  O   O  514  _   _   X 
  _   _   _   _   _   _   _   _   O   X  316  X   _   _   _ 
  _   _   _   _   _   _   _    4  X   _   O   _   _   _   _ 
  _   _   _   _   _   _   _   X   _   O   X   X   _   _   _ 
  _   _   _   _   _   _   _   _   _   _   _   O   _   _   _ 
  _   _   _   _   _   _   _   _   _   _   _   _   _   _   _ 
  _   _   _   _   _   _   _   _   _   _   _   _   _   _   _ 

nodes used 0k / 58M (0%)
memory = 1785.02 MB
0 : CROSS  (-1, -1) Q=0.1% : H=1 : Visit=1 : 209
1 : CIRCLE (8, 11) Q=0% : H=0.514 : Visit=0 : 0
Total 1 move ahead
----NNCACHE-INFO----
memory = 0.0720825 MB / 1190.01MB
stored = 16 elements
calls  = 880
hits   = 0 (0%)
--------------------
Answered : MESSAGE depth 1-1 ev 99.8 n 16 n/s 1025 tm 15 pv Oi11
Answered : 11,8
Got : RESTART
Answered : OK
Got : BOARD
Got : 14,7,2
Got : 14,8,1
Got : 11,12,2
Got : 9,9,1
Got : 9,11,2
Got : 11,11,1
Got : 8,9,2
Got : 8,10,1
Got : 10,10,2
Got : 7,11,1
Got : 10,8,2
Got : 10,11,1
Got : 9,8,2
Got : 11,9,1
Got : 10,7,2
Got : 11,6,1
Got : 13,10,2
Got : DONE
Overall 208 children
sum of visits = 0
BEST
CIRCLE (8, 11) Q=0% : H=0.489 : Visit=0 : 0
CIRCLE (9, 10) Q=0% : H=0.375 : Visit=0 : 0
CIRCLE (12, 6) Q=0% : H=0.071 : Visit=0 : 0
CIRCLE (9, 12) Q=0% : H=0.021 : Visit=0 : 0
CIRCLE (6, 10) Q=0% : H=0.013 : Visit=0 : 0
CIRCLE (11, 12) Q=0% : H=0.008 : Visit=0 : 0
CIRCLE (10, 12) Q=0% : H=0.005 : Visit=0 : 0
CIRCLE (13, 5) Q=0% : H=0.004 : Visit=0 : 0
CIRCLE (10, 7) Q=0% : H=0.003 : Visit=0 : 0
CIRCLE (10, 11) Q=0% : H=0.002 : Visit=0 : 0
WORST
CIRCLE (5, 11) Q=0% : H=0 : Visit=0 : 0
CIRCLE (12, 13) Q=0% : H=0 : Visit=0 : 0
CIRCLE (13, 9) Q=0% : H=0 : Visit=0 : 0
CIRCLE (7, 7) Q=0% : H=0 : Visit=0 : 0
CIRCLE (5, 9) Q=0% : H=0 : Visit=0 : 0
CIRCLE (13, 8) Q=0% : H=0 : Visit=0 : 0
CIRCLE (14, 9) Q=0% : H=0 : Visit=0 : 0
CIRCLE (6, 8) Q=0% : H=0 : Visit=0 : 0
CIRCLE (14, 8) Q=0% : H=0 : Visit=0 : 0
CIRCLE (14, 5) Q=0% : H=0 : Visit=0 : 0
  _   _   _   _   _   _   _   _   _   _   _   _   _   _   _ 
  _   _   _   _   _   _   _   _   _   _   _   _   _   _   _ 
  _   _   _   _   _   _   _   _   _   _   _   _   _   _   _ 
  _   _   _   _   _   _   _   _   _   _   _   _   _   _   _ 
  _   _   _   _   _   _   _   _   _   _   _   _   _   _   _ 
  _   _   _   _   _   _   _   _   _   _   _   _   _   _   _ 
  _   _   _   _   _   _   _   _   _   _   13  O   _   _   _ 
  _   _   _   _   _   _   _   _   _   _   X   _   _   _   X 
  _   _   _   _   _   _   _   _   _   X   X  489   1  _   O 
  _   _   _   _   _   _   _   _   X   O  375  O   21  _   _ 
  _   _   _   _   _   _    1   3  O   _   X    2   5  X   _ 
  _   _   _   _   _   _   _   O   _   X   O   O    8  _   _ 
  _   _   _   _   _   _   71  _   _   _   _   X   _   _   _ 
  _   _   _   _   _    4  _   _   _   _   _   _   _   _   _ 
  _   _   _   _   _   _   _   _   _   _   _   _   _   _   _ 

nodes used 0k / 58M (0%)
memory = 1785.02 MB
0 : CROSS  (-1, -1) Q=97.5% : H=1 : Visit=1 : 208
1 : CIRCLE (8, 11) Q=0% : H=0.489 : Visit=0 : 0
Total 1 move ahead
----NNCACHE-INFO----
memory = 0.0720825 MB / 1190.01MB
stored = 16 elements
calls  = 933
hits   = 0 (0%)
--------------------
Answered : MESSAGE depth 1-1 ev 2.4 n 16 n/s 1025 tm 15 pv Oi11
Answered : 11,8
Got : RESTART
Answered : OK
Got : BOARD
Got : 14,7,1
Got : 14,8,2
Got : 11,12,1
Got : 9,9,2
Got : 9,11,1
Got : 11,11,2
Got : 8,9,1
Got : 8,10,2
Got : 10,10,1
Got : 7,11,2
Got : 10,8,1
Got : 10,11,2
Got : 9,8,1
Got : 11,9,2
Got : 10,7,1
Got : 11,6,2
Got : 13,10,1
Got : 11,8,2
Got : DONE
Overall 207 children
sum of visits = 0
BEST
CIRCLE (7, 11) Q=0% : H=0.309 : Visit=0 : 0
CIRCLE (9, 10) Q=0% : H=0.286 : Visit=0 : 0
CIRCLE (11, 12) Q=0% : H=0.207 : Visit=0 : 0
CIRCLE (10, 11) Q=0% : H=0.074 : Visit=0 : 0
CIRCLE (6, 10) Q=0% : H=0.07 : Visit=0 : 0
CIRCLE (8, 7) Q=0% : H=0.022 : Visit=0 : 0
CIRCLE (7, 8) Q=0% : H=0.014 : Visit=0 : 0
CIRCLE (10, 7) Q=0% : H=0.004 : Visit=0 : 0
CIRCLE (10, 12) Q=0% : H=0.003 : Visit=0 : 0
CIRCLE (9, 13) Q=0% : H=0.001 : Visit=0 : 0
WORST
CIRCLE (12, 5) Q=0% : H=0 : Visit=0 : 0
CIRCLE (10, 4) Q=0% : H=0 : Visit=0 : 0
CIRCLE (14, 7) Q=0% : H=0 : Visit=0 : 0
CIRCLE (5, 12) Q=0% : H=0 : Visit=0 : 0
CIRCLE (13, 12) Q=0% : H=0 : Visit=0 : 0
CIRCLE (11, 4) Q=0% : H=0 : Visit=0 : 0
CIRCLE (13, 14) Q=0% : H=0 : Visit=0 : 0
CIRCLE (13, 13) Q=0% : H=0 : Visit=0 : 0
CIRCLE (12, 14) Q=0% : H=0 : Visit=0 : 0
CIRCLE (14, 10) Q=0% : H=0 : Visit=0 : 0
  _   _   _   _   _   _   _   _   _   _   _   _   _   _   _ 
  _   _   _   _   _   _   _   _   _   _   _   _   _   _   _ 
  _   _   _   _   _   _   _   _   _   _   _   _   _   _   _ 
  _   _   _   _   _   _   _   _   _   _   _   _   _   _   _ 
  _   _   _   _   _   _   _   _   _   _   _   _   _   _   _ 
  _   _   _   _   _   _   _   _   _   _   _    1  _   _   _ 
  _   _   _   _   _   _   _   _   _   _   70  X   _   _   _ 
  _   _   _   _   _   _   _   _   14   1  O  309  _   _   O 
  _   _   _   _   _   _   _   22  _   O   O   X   _   _   X 
  _   _   _   _   _   _   _   _   O   X  286  X   _    1  _ 
  _   _   _   _   _   _   _    4  X   _   O   74   3  O   _ 
  _   _   _   _   _   _   _   X   _   O   X   X  207  _   _ 
  _   _   _   _   _   _   _   _   _    1  _   O   _   _   _ 
  _   _   _   _   _   _   _   _   _   _   _   _   _   _   _ 
  _   _   _   _   _   _   _   _   _   _   _   _   _   _   _ 

nodes used 0k / 58M (0%)
memory = 1785.02 MB
0 : CROSS  (-1, -1) Q=1.7% : H=1 : Visit=1 : 207
1 : CIRCLE (7, 11) Q=0% : H=0.309 : Visit=0 : 0
Total 1 move ahead
----NNCACHE-INFO----
memory = 0.0720825 MB / 1190.01MB
stored = 16 elements
calls  = 1007
hits   = 0 (0%)
--------------------
Answered : MESSAGE depth 1-1 ev 98.2 n 16 n/s 1025 tm 15 pv Oh11
Answered : 11,7
Got : RESTART
Answered : OK
Got : BOARD
Got : 14,7,2
Got : 14,8,1
Got : 11,12,2
Got : 9,9,1
Got : 9,11,2
Got : 11,11,1
Got : 8,9,2
Got : 8,10,1
Got : 10,10,2
Got : 7,11,1
Got : 10,8,2
Got : 10,11,1
Got : 9,8,2
Got : 11,9,1
Got : 10,7,2
Got : 11,6,1
Got : 13,10,2
Got : 11,8,1
Got : 11,10,2
Got : DONE
Overall 206 children
sum of visits = 0
BEST
CIRCLE (10, 12) Q=0% : H=0.344 : Visit=0 : 0
CIRCLE (12, 6) Q=0% : H=0.189 : Visit=0 : 0
CIRCLE (9, 10) Q=0% : H=0.184 : Visit=0 : 0
CIRCLE (7, 11) Q=0% : H=0.142 : Visit=0 : 0
CIRCLE (11, 12) Q=0% : H=0.062 : Visit=0 : 0
CIRCLE (5, 11) Q=0% : H=0.025 : Visit=0 : 0
CIRCLE (10, 9) Q=0% : H=0.024 : Visit=0 : 0
CIRCLE (6, 10) Q=0% : H=0.009 : Visit=0 : 0
CIRCLE (13, 5) Q=0% : H=0.009 : Visit=0 : 0
CIRCLE (10, 14) Q=0% : H=0.004 : Visit=0 : 0
WORST
CIRCLE (5, 9) Q=0% : H=0 : Visit=0 : 0
CIRCLE (4, 10) Q=0% : H=0 : Visit=0 : 0
CIRCLE (13, 13) Q=0% : H=0 : Visit=0 : 0
CIRCLE (13, 11) Q=0% : H=0 : Visit=0 : 0
CIRCLE (13, 14) Q=0% : H=0 : Visit=0 : 0
CIRCLE (5, 12) Q=0% : H=0 : Visit=0 : 0
CIRCLE (4, 12) Q=0% : H=0 : Visit=0 : 0
CIRCLE (12, 14) Q=0% : H=0 : Visit=0 : 0
CIRCLE (7, 7) Q=0% : H=0 : Visit=0 : 0
CIRCLE (14, 5) Q=0% : H=0 : Visit=0 : 0
  _   _   _   _   _   _   _   _   _   _   _   _   _   _   _ 
  _   _   _   _   _   _   _   _   _   _   _   _   _   _   _ 
  _   _   _   _   _   _   _   _   _   _   _   _   _   _   _ 
  _   _   _   _   _   _   _   _   _   _   _   _   _   _   _ 
  _   _   _   _   _   _   _   _   _   _   _   _   _   _   _ 
  _   _   _   _   _   _   _   _   _   _   _   25  _   _   _ 
  _   _   _   _   _   _   _   _   _   _    9  O   _   _   _ 
  _   _   _   _   _   _   _   _    1  _   X  142  _   _   X 
  _   _   _   _   _   _   _   _   _   X   X   O   _   _   O 
  _   _   _   _   _   _   _   _   X   O  184  O   _   _   _ 
  _   _   _   _   _   _   _   _   O   24  X   X  344  X    4
  _   _   _   _   _   _   _   O   _   X   O   O   62  _   _ 
  _   _   _   _   _   _  189  _   _   _   _   X   _   _   _ 
  _   _   _   _   _    9  _   _   _   _   _   _   _   _   _ 
  _   _   _   _   _   _   _   _   _   _   _   _   _   _   _ 

nodes used 0k / 58M (0%)
memory = 1785.02 MB
0 : CROSS  (-1, -1) Q=99% : H=1 : Visit=1 : 206
1 : CIRCLE (10, 12) Q=0% : H=0.344 : Visit=0 : 0
Total 1 move ahead
----NNCACHE-INFO----
memory = 0.0720825 MB / 1190.01MB
stored = 16 elements
calls  = 1088
hits   = 0 (0%)
--------------------
Answered : MESSAGE depth 1-1 ev 0.9 n 16 n/s 1025 tm 15 pv Ok12
Answered : 12,10
Got : RESTART
Answered : OK
Got : BOARD
Got : 14,7,1
Got : 14,8,2
Got : 11,12,1
Got : 9,9,2
Got : 9,11,1
Got : 11,11,2
Got : 8,9,1
Got : 8,10,2
Got : 10,10,1
Got : 7,11,2
Got : 10,8,1
Got : 10,11,2
Got : 9,8,1
Got : 11,9,2
Got : 10,7,1
Got : 11,6,2
Got : 13,10,1
Got : 11,8,2
Got : 11,10,1
Got : 12,10,2
Got : DONE
Overall 205 children
sum of visits = 0
BEST
CIRCLE (9, 10) Q=0% : H=0.536 : Visit=0 : 0
CIRCLE (11, 12) Q=0% : H=0.371 : Visit=0 : 0
CIRCLE (7, 11) Q=0% : H=0.041 : Visit=0 : 0
CIRCLE (9, 13) Q=0% : H=0.017 : Visit=0 : 0
CIRCLE (6, 10) Q=0% : H=0.013 : Visit=0 : 0
CIRCLE (8, 7) Q=0% : H=0.007 : Visit=0 : 0
CIRCLE (10, 7) Q=0% : H=0.004 : Visit=0 : 0
CIRCLE (7, 8) Q=0% : H=0.003 : Visit=0 : 0
CIRCLE (12, 10) Q=0% : H=0.001 : Visit=0 : 0
CIRCLE (8, 8) Q=0% : H=0 : Visit=0 : 0
WORST
CIRCLE (13, 8) Q=0% : H=0 : Visit=0 : 0
CIRCLE (6, 6) Q=0% : H=0 : Visit=0 : 0
CIRCLE (4, 11) Q=0% : H=0 : Visit=0 : 0
CIRCLE (12, 13) Q=0% : H=0 : Visit=0 : 0
CIRCLE (4, 10) Q=0% : H=0 : Visit=0 : 0
CIRCLE (13, 12) Q=0% : H=0 : Visit=0 : 0
CIRCLE (12, 5) Q=0% : H=0 : Visit=0 : 0
CIRCLE (13, 13) Q=0% : H=0 : Visit=0 : 0
CIRCLE (13, 6) Q=0% : H=0 : Visit=0 : 0
CIRCLE (14, 10) Q=0% : H=0 : Visit=0 : 0
  _   _   _   _   _   _   _   _   _   _   _   _   _   _   _ 
  _   _   _   _   _   _   _   _   _   _   _   _   _   _   _ 
  _   _   _   _   _   _   _   _   _   _   _   _   _   _   _ 
  _   _   _   _   _   _   _   _   _   _   _   _   _   _   _ 
  _   _   _   _   _   _   _   _   _   _   _   _   _   _   _ 
  _   _   _   _   _   _   _   _   _   _   _   _   _   _   _ 
  _   _   _   _   _   _   _   _   _   _   13  X   _   _   _ 
  _   _   _   _   _   _   _   _    3  _   O   41  _   _   O 
  _   _   _   _   _   _   _    7  _   O   O   X   _   _   X 
  _   _   _   _   _   _   _   _   O   X  536  X   _   17  _ 
  _   _   _   _   _   _   _    4  X   _   O   O   X   O   _ 
  _   _   _   _   _   _   _   X   _   O   X   X  371  _   _ 
  _   _   _   _   _   _   _   _   _   _    1  O   _   _   _ 
  _   _   _   _   _   _   _   _   _   _   _   _   _   _   _ 
  _   _   _   _   _   _   _   _   _   _   _   _   _   _   _ 

nodes used 0k / 58M (0%)
memory = 1785.02 MB
0 : CROSS  (-1, -1) Q=0.6% : H=1 : Visit=1 : 205
1 : CIRCLE (9, 10) Q=0% : H=0.536 : Visit=0 : 0
Total 1 move ahead
----NNCACHE-INFO----
memory = 0.0720825 MB / 1190.01MB
stored = 16 elements
calls  = 1207
hits   = 2 (0.1%)
--------------------
Answered : MESSAGE depth 1-1 ev 99.3 n 16 n/s 1025 tm 15 pv Oj10
Answered : 10,9
Got : RESTART
Answered : OK
Got : BOARD
Got : 14,7,2
Got : 14,8,1
Got : 11,12,2
Got : 9,9,1
Got : 9,11,2
Got : 11,11,1
Got : 8,9,2
Got : 8,10,1
Got : 10,10,2
Got : 7,11,1
Got : 10,8,2
Got : 10,11,1
Got : 9,8,2
Got : 11,9,1
Got : 10,7,2
Got : 11,6,1
Got : 13,10,2
Got : 11,8,1
Got : 11,10,2
Got : 12,10,1
Got : 10,9,2
Got : DONE
 _ _ _ _ _ _ _ _ _ _ _ _ _ _ _ 
 _ _ _ _ _ _ _ _ _ _ _ _ _ _ _ 
 _ _ _ _ _ _ _ _ _ _ _ _ _ _ _ 
 _ _ _ _ _ _ _ _ _ _ _ _ _ _ _ 
 _ _ _ _ _ _ _ _ _ _ _ _ _ _ _ 
 _ _ _ _ _ _ _ _ _ _ _ _ _ _ _ 
 _ _ _ _ _ _ _ _ _ _>O<O _ _ _ 
 _ _ _ _ _ _ _ _ _ _ X _ _ _ X 
 _ _ _ _ _ _ _ _ _ X X O _ _ O 
 _ _ _ _ _ _ _ _ X O X O _ _ _ 
 _ _ _ _ _ _ _ _ O _ X X O X _ 
 _ _ _ _ _ _ _ O _ X O O _ _ _ 
 _ _ _ _ _ _ _ _ _ _ _ X _ _ _ 
 _ _ _ _ _ _ _ _ _ _ _ _ _ _ _ 
 _ _ _ _ _ _ _ _ _ _ _ _ _ _ _ 

Answered : 10,6
Got : RESTART
Answered : OK
Got : BOARD
Got : 14,7,1
Got : 14,8,2
Got : 11,12,1
Got : 9,9,2
Got : 9,11,1
Got : 11,11,2
Got : 8,9,1
Got : 8,10,2
Got : 10,10,1
Got : 7,11,2
Got : 10,8,1
Got : 10,11,2
Got : 9,8,1
Got : 11,9,2
Got : 10,7,1
Got : 11,6,2
Got : 13,10,1
Got : 11,8,2
Got : 11,10,1
Got : 12,10,2
Got : 10,9,1
Got : 8,7,2
Got : DONE
 _ _ _ _ _ _ _ _ _ _ _ _ _ _ _ 
 _ _ _ _ _ _ _ _ _ _ _ _ _ _ _ 
 _ _ _ _ _ _ _ _ _ _ _ _ _ _ _ 
 _ _ _ _ _ _ _ _ _ _ _ _ _ _ _ 
 _ _ _ _ _ _ _ _ _ _ _ _ _ _ _ 
 _ _ _ _ _ _ _ _ _ _ _ _ _ _ _ 
 _ _ _ _ _ _ _ _ _ _>O<X _ _ _ 
 _ _ _ _ _ _ _ _ X _ O _ _ _ O 
 _ _ _ _ _ _ _ _ _ O O X _ _ X 
 _ _ _ _ _ _ _ _ O X O X _ _ _ 
 _ _ _ _ _ _ _ _ X _ O O X O _ 
 _ _ _ _ _ _ _ X _ O X X _ _ _ 
 _ _ _ _ _ _ _ _ _ _ _ O _ _ _ 
 _ _ _ _ _ _ _ _ _ _ _ _ _ _ _ 
 _ _ _ _ _ _ _ _ _ _ _ _ _ _ _ 

Answered : 10,6
Got : RESTART
Answered : OK
